<?xml version="1.0" encoding="UTF-8"?>
<!-- Generated by org.testng.reporters.JUnitReportReporter -->
<testsuite skipped="0" hostname="LAPTOP-0MK9KKKF" name="TestCases.CartPageTest" tests="2" failures="0" timestamp="2023-01-30T13:39:10 IST" time="9.247" errors="0">
  <testcase name="verifyYourCartLabelTest" time="3.282" classname="TestCases.CartPageTest"/>
  <testcase name="verifyRemoveBackPackTest" time="5.965" classname="TestCases.CartPageTest"/>
</testsuite> <!-- TestCases.CartPageTest -->
