<?xml version="1.0" encoding="UTF-8"?>
<!-- Generated by org.testng.reporters.JUnitReportReporter -->
<testsuite skipped="0" hostname="LAPTOP-0MK9KKKF" name="TestCases.LoginPageTest" tests="1" failures="0" timestamp="2023-01-28T15:49:56 IST" time="5.957" errors="0">
  <testcase name="verifyLoginPageLinkTest" time="5.957" classname="TestCases.LoginPageTest"/>
</testsuite> <!-- TestCases.LoginPageTest -->
