<?xml version="1.0" encoding="UTF-8"?>
<!-- Generated by org.testng.reporters.JUnitReportReporter -->
<testsuite skipped="0" hostname="LAPTOP-0MK9KKKF" name="TestCases.CheckoutStepOnePageTest" tests="2" failures="0" timestamp="2023-01-30T14:05:39 IST" time="9.908" errors="0">
  <testcase name="verifyYourInfoLabelTest" time="6.082" classname="TestCases.CheckoutStepOnePageTest"/>
  <testcase name="verifyAddInfoTest" time="3.826" classname="TestCases.CheckoutStepOnePageTest"/>
</testsuite> <!-- TestCases.CheckoutStepOnePageTest -->
