<?xml version="1.0" encoding="UTF-8"?>
<!-- Generated by org.testng.reporters.JUnitReportReporter -->
<testsuite skipped="0" hostname="LAPTOP-0MK9KKKF" name="TestCases.FinishPageTest" tests="2" failures="0" timestamp="2023-01-30T18:50:40 IST" time="10.684" errors="0">
  <testcase name="verifyText" time="3.870" classname="TestCases.FinishPageTest"/>
  <testcase name="verifySwagBotImg" time="6.814" classname="TestCases.FinishPageTest"/>
</testsuite> <!-- TestCases.FinishPageTest -->
