<?xml version="1.0" encoding="UTF-8"?>
<!-- Generated by org.testng.reporters.JUnitReportReporter -->
<testsuite skipped="0" hostname="LAPTOP-0MK9KKKF" name="TestCases.CheckoutStepTwoPageTest" tests="3" failures="0" timestamp="2023-01-30T18:43:38 IST" time="34.805" errors="0">
  <testcase name="verifyOverviewLabelTest" time="9.683" classname="TestCases.CheckoutStepTwoPageTest"/>
  <testcase name="verifyCartListTest" time="20.992" classname="TestCases.CheckoutStepTwoPageTest"/>
  <testcase name="verifyFinishTest" time="4.130" classname="TestCases.CheckoutStepTwoPageTest"/>
</testsuite> <!-- TestCases.CheckoutStepTwoPageTest -->
